<?xml version="1.0" encoding="UTF-8"?>
<!-- Generated by org.testng.reporters.JUnitXMLReporter -->
<testsuite ignored="0" hostname="Duong" failures="1" tests="12" name="phonesystem.edu.entity.KhachHangTest" time="0.153" errors="0" timestamp="15 Apr 2023 00:54:18 GMT">
  <testcase classname="phonesystem.edu.entity.KhachHangTest" name="testSDT_ChuaKyTuDacBiet on testSDT_ChuaKyTuDacBiet(phonesystem.edu.entity.KhachHangTest)" time="0.032"/>
  <testcase classname="phonesystem.edu.entity.KhachHangTest" name="testSDT_KhongPhaiSoVietNam on testSDT_KhongPhaiSoVietNam(phonesystem.edu.entity.KhachHangTest)" time="0.015"/>
  <testcase classname="phonesystem.edu.entity.KhachHangTest" name="testTen_ChuaKyTuDacBiet on testTen_ChuaKyTuDacBiet(phonesystem.edu.entity.KhachHangTest)" time="0.017"/>
  <testcase classname="phonesystem.edu.entity.KhachHangTest" name="testTen_Null on testTen_Null(phonesystem.edu.entity.KhachHangTest)" time="0.018"/>
  <testcase classname="phonesystem.edu.entity.KhachHangTest" name="testTen_Rong on testTen_Rong(phonesystem.edu.entity.KhachHangTest)" time="0.018"/>
  <testcase classname="phonesystem.edu.entity.KhachHangTest" name="testTen_ChuaKyTuSo on testTen_ChuaKyTuSo(phonesystem.edu.entity.KhachHangTest)" time="0.018">
    <failure type="org.junit.ComparisonFailure" message="expected:&amp;lt;[]valid&amp;gt; but was:&amp;lt;[In]valid&amp;gt;">
      <![CDATA[org.junit.ComparisonFailure: expected:<[]valid> but was:<[In]valid>
at org.junit.Assert.assertEquals(Assert.java:117)
at org.junit.Assert.assertEquals(Assert.java:146)
at phonesystem.edu.entity.KhachHangTest.testTen_ChuaKyTuSo(KhachHangTest.java:89)
at org.junit.runners.model.FrameworkMethod$1.runReflectiveCall(FrameworkMethod.java:59)
at org.junit.internal.runners.model.ReflectiveCallable.run(ReflectiveCallable.java:12)
at org.junit.runners.model.FrameworkMethod.invokeExplosively(FrameworkMethod.java:56)
at org.junit.internal.runners.statements.InvokeMethod.evaluate(InvokeMethod.java:17)
at org.junit.runners.ParentRunner$3.evaluate(ParentRunner.java:306)
at org.junit.runners.BlockJUnit4ClassRunner$1.evaluate(BlockJUnit4ClassRunner.java:100)
at org.junit.runners.ParentRunner.runLeaf(ParentRunner.java:366)
at org.junit.runners.BlockJUnit4ClassRunner.runChild(BlockJUnit4ClassRunner.java:103)
at org.junit.runners.BlockJUnit4ClassRunner.runChild(BlockJUnit4ClassRunner.java:63)
at org.junit.runners.ParentRunner$4.run(ParentRunner.java:331)
at org.junit.runners.ParentRunner$1.schedule(ParentRunner.java:79)
at org.junit.runners.ParentRunner.runChildren(ParentRunner.java:329)
at org.junit.runners.ParentRunner.access$100(ParentRunner.java:66)
at org.junit.runners.ParentRunner$2.evaluate(ParentRunner.java:293)
at org.junit.runners.ParentRunner$3.evaluate(ParentRunner.java:306)
at org.junit.runners.ParentRunner.run(ParentRunner.java:413)
at org.junit.runner.JUnitCore.run(JUnitCore.java:137)
at org.junit.runner.JUnitCore.run(JUnitCore.java:115)
... Removed 22 stack frames]]>
    </failure>
  </testcase> <!-- testTen_ChuaKyTuSo on testTen_ChuaKyTuSo(phonesystem.edu.entity.KhachHangTest) -->
  <testcase classname="phonesystem.edu.entity.KhachHangTest" name="testSDT_KhongDung10KyTuSo on testSDT_KhongDung10KyTuSo(phonesystem.edu.entity.KhachHangTest)" time="0.021"/>
  <testcase classname="phonesystem.edu.entity.KhachHangTest" name="testNhapDung on testNhapDung(phonesystem.edu.entity.KhachHangTest)" time="0.021"/>
  <testcase classname="phonesystem.edu.entity.KhachHangTest" name="testSDT_KhongPhaiSo on testSDT_KhongPhaiSo(phonesystem.edu.entity.KhachHangTest)" time="0.073"/>
  <testcase classname="phonesystem.edu.entity.KhachHangTest" name="testTen_VuotQua30KyTu on testTen_VuotQua30KyTu(phonesystem.edu.entity.KhachHangTest)" time="0.074"/>
  <testcase classname="phonesystem.edu.entity.KhachHangTest" name="testSDT_Rong on testSDT_Rong(phonesystem.edu.entity.KhachHangTest)" time="0.075"/>
  <testcase classname="phonesystem.edu.entity.KhachHangTest" name="testSDT_null on testSDT_null(phonesystem.edu.entity.KhachHangTest)" time="0.075"/>
</testsuite> <!-- phonesystem.edu.entity.KhachHangTest -->
